checksource: improper character \x09 = ^I (tab)
   file "scanner.l": 46 errors: lines 23--45, 81--84
   file "yylex.cpp": 1631 errors: lines 125, 132--133, 217--219, 
        222--227, 239, 241, 247--248, 250--253, 255--258, 260--264, 
        266--271, 273--277, 282--285, 287, 291--300, 303, 342--342, 
        347--348, 385--386, 388--388, 390--392, 395--396, 398--398, 
        400--402, 440, 442--444, 446, 454--457, 771--797, 868, 876--878, 
        886--888, 891--891, 894--895, 897--897, 899--899, 904--904, 
        906--906, 911--915, 917--918, 920--921, 923--923, 925--926, 
        928--931, 934--934, 936--953, 957--963, 965--965, 969, 972--986, 
        988--989, 991--996, 1002, 1007, 1013, 1018, 1023, 1028, 1033, 
        1038, 1043, 1048, 1053, 1058, 1063, 1068, 1073, 1078, 1083, 
        1088, 1093, 1098, 1103, 1108, 1113, 1118, 1123, 1128, 1133, 
        1138, 1143, 1148, 1153, 1158, 1163, 1168, 1173, 1178, 1183, 
        1188, 1193, 1198, 1203, 1208, 1213, 1218, 1223, 1228, 1234, 
        1239, 1244, 1247, 1249--1252, 1254--1256, 1258--1272, 
        1274--1283, 1285--1285, 1287--1287, 1289--1296, 1298--1298, 
        1300--1300, 1302--1308, 1310--1311, 1313--1316, 1318--1322, 
        1324--1335, 1337--1339, 1341--1347, 1349--1351, 1353--1353, 
        1355--1357, 1359--1361, 1363--1363, 1365--1370, 1372--1376, 
        1390--1392, 1400--1403, 1405--1407, 1409--1417, 1419--1426, 
        1428, 1430--1431, 1433--1434, 1436--1440, 1442--1445, 
        1447--1448, 1450--1451, 1453--1454, 1456--1458, 1460--1463, 
        1465--1471, 1473--1475, 1477--1477, 1479--1480, 1482--1482, 
        1484--1485, 1487--1489, 1491--1492, 1494--1500, 1502--1508, 
        1510--1511, 1513--1519, 1521--1523, 1525, 1527, 1540--1541, 
        1544, 1546--1547, 1549--1562, 1564, 1570, 1578, 1580, 
        1582--1595, 1597, 1616, 1618, 1620--1628, 1630--1633, 
        1635--1646, 1648--1649, 1651--1651, 1653--1656, 1658--1659, 
        1661--1661, 1663--1663, 1665--1665, 1667--1672, 1674--1676, 
        1680, 1683, 1698, 1700--1700, 1702, 1704--1705, 1719--1722, 
        1724--1726, 1728--1734, 1736--1737, 1739--1744, 1753--1756, 
        1771, 1773--1775, 1777, 1779--1784, 1786, 1788, 1790, 
        1804--1805, 1807--1808, 1810--1811, 1813, 1838, 1840, 
        1842--1843, 1861, 1874--1875, 1877, 1879--1884, 1886, 
        1888--1889, 1891--1892, 1908--1909, 1911, 1913--1920, 
        1922--1925, 1927--1929, 1944--1945, 1947--1950, 1952--1955, 
        1969, 1971, 1973--1975, 1977--1989, 1991, 1993--1994, 
        1996--2002, 2004--2007, 2020, 2022--2026, 2028--2030, 
        2032--2040, 2042, 2044, 2060, 2074--2077, 2079--2083, 
        2085--2086, 2088, 2090--2092, 2094--2097, 2099, 2110--2111, 
        2121--2123, 2126--2132, 2264--2268, 2270--2272, 2291--2293, 
        2300--2302, 2304, 2310, 2315--2322, 2327--2327
   file "yyparse.cpp": 662 errors: lines 296, 322, 347--353, 363--371, 
        394--394, 566--569, 571--573, 580--580, 584--595, 597--598, 
        602--603, 612--613, 615--627, 638--641, 664--667, 670--678, 710, 
        765--768, 791, 797--798, 803--805, 821, 908--912, 914--922, 
        924--928, 966, 979--981, 985, 997--1012, 1020, 1023--1042, 1078, 
        1082, 1087, 1091, 1096, 1100, 1105, 1109, 1114, 1118, 1123, 
        1127, 1132, 1136, 1141, 1145, 1150, 1154, 1159, 1163, 1168, 
        1172, 1177, 1181, 1186, 1190, 1195, 1199, 1204, 1208, 1213, 
        1217, 1222, 1226, 1231, 1235, 1240, 1244, 1249, 1253, 1258, 
        1262, 1267, 1271, 1276, 1280, 1285, 1289, 1294, 1298, 1303, 
        1307, 1312, 1316, 1321, 1325, 1330, 1334, 1339, 1343, 1348, 
        1352, 1357, 1361, 1366, 1370, 1375, 1379, 1384, 1388, 1393, 
        1397, 1402, 1406, 1411, 1415, 1420, 1424, 1429, 1433, 1438, 
        1442, 1447, 1451, 1454, 1596--1600, 1602--1609, 1611--1612, 
        1620, 1623, 1626--1632, 1634--1635, 1644--1644, 1647, 1699, 
        1905--1921, 1923--1933, 1943, 1946--1950, 1952--1956, 1988, 
        1994--2002, 2006, 2010--2010, 2053--2053, 2061--2061
checksource: improper character \x80
   file "scanner.l": 5 errors: lines 44--45
checksource: improper character \x99
   file "scanner.l": 5 errors: lines 44--45
checksource: line length > 72 characters
   file "yylex.cpp": 48 errors: lines 37, 164, 170, 190, 215, 330, 333, 
        406, 441, 445, 448, 647, 765, 770, 804, 944, 950, 1281, 1312, 
        1405, 1436, 1513, 1515--1516, 1522--1523, 1530, 1543, 1546, 
        1561, 1573, 1579, 1594, 1626, 1689, 1761, 1864--1865, 1973, 
        1984, 2005, 2012, 2049, 2065, 2072, 2232, 2258, 2274
   file "yyparse.cpp": 34 errors: lines 6, 20, 116, 202, 232, 252, 267, 
        282--284, 304, 311, 331, 464--465, 467, 493, 690, 722, 867, 971, 
        1583, 1665, 1763, 1791, 1798, 1805, 1812, 1819, 1826, 1833, 
        1840, 1847, 2004
   file "yyparse.h": 3 errors: lines 6, 20, 39
checksource: TOTAL COMPLAINTS: 2434
