--(end of buffer or a NUL)
--accepting rule at line 53 ("# 1 "21-eratosthenes.oc"")
--accepting rule at line 55 ("
")
--accepting rule at line 53 ("# 1 "<built-in>"")
--accepting rule at line 55 ("
")
--accepting rule at line 53 ("# 1 "<command-line>"")
--accepting rule at line 55 ("
")
--accepting rule at line 53 ("# 1 "21-eratosthenes.oc"")
--accepting rule at line 55 ("
")
--accepting rule at line 55 ("
")
--accepting rule at line 55 ("
")
--accepting rule at line 53 ("# 1 "oclib.oh" 1")
--accepting rule at line 55 ("
")
--accepting rule at line 53 ("# 30 "oclib.oh"")
--accepting rule at line 55 ("
")
--accepting rule at line 59 ("void")
--accepting rule at line 54 (" ")
--accepting rule at line 78 ("__assert_fail")
--accepting rule at line 54 (" ")
--accepting rule at line 101 ("(")
--accepting rule at line 63 ("string")
--accepting rule at line 54 (" ")
--accepting rule at line 78 ("expr")
--accepting rule at line 88 (",")
--accepting rule at line 54 (" ")
--accepting rule at line 63 ("string")
--accepting rule at line 54 (" ")
--accepting rule at line 78 ("file")
--accepting rule at line 88 (",")
--accepting rule at line 54 (" ")
--accepting rule at line 62 ("int")
--accepting rule at line 54 (" ")
--accepting rule at line 78 ("line")
--accepting rule at line 102 (")")
--accepting rule at line 103 (";")
--accepting rule at line 55 ("
")
--accepting rule at line 55 ("
")
--accepting rule at line 55 ("
")
--accepting rule at line 59 ("void")
--accepting rule at line 54 (" ")
--accepting rule at line 78 ("putb")
--accepting rule at line 54 (" ")
--accepting rule at line 101 ("(")
--accepting rule at line 60 ("bool")
--accepting rule at line 54 (" ")
--accepting rule at line 78 ("b")
--accepting rule at line 102 (")")
--accepting rule at line 103 (";")
--accepting rule at line 55 ("
")
--accepting rule at line 59 ("void")
--accepting rule at line 54 (" ")
--accepting rule at line 78 ("putc")
--accepting rule at line 54 (" ")
--accepting rule at line 101 ("(")
--accepting rule at line 61 ("char")
--accepting rule at line 54 (" ")
--accepting rule at line 78 ("c")
--accepting rule at line 102 (")")
--accepting rule at line 103 (";")
--accepting rule at line 55 ("
")
--accepting rule at line 59 ("void")
--accepting rule at line 54 (" ")
--accepting rule at line 78 ("puti")
--accepting rule at line 54 (" ")
--accepting rule at line 101 ("(")
--accepting rule at line 62 ("int")
--accepting rule at line 54 (" ")
--accepting rule at line 78 ("i")
--accepting rule at line 102 (")")
--accepting rule at line 103 (";")
--accepting rule at line 55 ("
")
--accepting rule at line 59 ("void")
--accepting rule at line 54 (" ")
--accepting rule at line 78 ("puts")
--accepting rule at line 54 (" ")
--accepting rule at line 101 ("(")
--accepting rule at line 63 ("string")
--accepting rule at line 54 (" ")
--accepting rule at line 78 ("s")
--accepting rule at line 102 (")")
--accepting rule at line 103 (";")
--accepting rule at line 55 ("
")
--accepting rule at line 59 ("void")
--accepting rule at line 54 (" ")
--accepting rule at line 78 ("endl")
--accepting rule at line 54 (" ")
--accepting rule at line 101 ("(")
--accepting rule at line 102 (")")
--accepting rule at line 103 (";")
--accepting rule at line 55 ("
")
--accepting rule at line 62 ("int")
--accepting rule at line 54 (" ")
--accepting rule at line 78 ("getc")
--accepting rule at line 54 (" ")
--accepting rule at line 101 ("(")
--accepting rule at line 102 (")")
--accepting rule at line 103 (";")
--accepting rule at line 55 ("
")
--accepting rule at line 63 ("string")
--accepting rule at line 54 (" ")
--accepting rule at line 78 ("getw")
--accepting rule at line 54 (" ")
--accepting rule at line 101 ("(")
--accepting rule at line 102 (")")
--accepting rule at line 103 (";")
--accepting rule at line 55 ("
")
--accepting rule at line 63 ("string")
--accepting rule at line 54 (" ")
--accepting rule at line 78 ("getln")
--accepting rule at line 54 (" ")
--accepting rule at line 101 ("(")
--accepting rule at line 102 (")")
--accepting rule at line 103 (";")
--accepting rule at line 55 ("
")
--accepting rule at line 63 ("string")
--accepting rule at line 79 ("[]")
--accepting rule at line 54 (" ")
--accepting rule at line 78 ("getargv")
--accepting rule at line 54 (" ")
--accepting rule at line 101 ("(")
--accepting rule at line 102 (")")
--accepting rule at line 103 (";")
--accepting rule at line 55 ("
")
--accepting rule at line 59 ("void")
--accepting rule at line 54 (" ")
--accepting rule at line 78 ("exit")
--accepting rule at line 54 (" ")
--accepting rule at line 101 ("(")
--accepting rule at line 62 ("int")
--accepting rule at line 54 (" ")
--accepting rule at line 78 ("status")
--accepting rule at line 102 (")")
--accepting rule at line 103 (";")
--accepting rule at line 55 ("
")
--accepting rule at line 53 ("# 4 "21-eratosthenes.oc" 2")
--accepting rule at line 55 ("
")
--accepting rule at line 55 ("
")
--accepting rule at line 55 ("
")
--accepting rule at line 55 ("
")
--accepting rule at line 60 ("bool")
--accepting rule at line 79 ("[]")
--accepting rule at line 54 (" ")
--accepting rule at line 78 ("sieve")
--accepting rule at line 54 (" ")
--accepting rule at line 94 ("=")
--accepting rule at line 54 (" ")
--accepting rule at line 74 ("new")
--accepting rule at line 54 (" ")
--accepting rule at line 60 ("bool")
--accepting rule at line 89 ("[")
--accepting rule at line 77 ("100")
--accepting rule at line 90 ("]")
--accepting rule at line 103 (";")
--accepting rule at line 55 ("
")
--accepting rule at line 62 ("int")
--accepting rule at line 54 (" ")
--accepting rule at line 78 ("index")
--accepting rule at line 54 (" ")
--accepting rule at line 94 ("=")
--accepting rule at line 54 (" ")
--accepting rule at line 77 ("2")
--accepting rule at line 103 (";")
--accepting rule at line 55 ("
")
--accepting rule at line 55 ("
")
--accepting rule at line 67 ("while")
--accepting rule at line 54 (" ")
--accepting rule at line 101 ("(")
--accepting rule at line 78 ("index")
--accepting rule at line 54 (" ")
--accepting rule at line 92 ("<")
--accepting rule at line 54 (" ")
--accepting rule at line 77 ("100")
--accepting rule at line 102 (")")
--accepting rule at line 54 (" ")
--accepting rule at line 87 ("{")
--accepting rule at line 55 ("
")
--accepting rule at line 54 ("   ")
--accepting rule at line 78 ("sieve")
--accepting rule at line 89 ("[")
--accepting rule at line 78 ("index")
--accepting rule at line 90 ("]")
--accepting rule at line 54 (" ")
--accepting rule at line 94 ("=")
--accepting rule at line 54 (" ")
--accepting rule at line 70 ("true")
--accepting rule at line 103 (";")
--accepting rule at line 55 ("
")
--accepting rule at line 54 ("   ")
--accepting rule at line 78 ("index")
--accepting rule at line 54 (" ")
--accepting rule at line 94 ("=")
--accepting rule at line 54 (" ")
--accepting rule at line 78 ("index")
--accepting rule at line 54 (" ")
--accepting rule at line 95 ("+")
--accepting rule at line 54 (" ")
--accepting rule at line 77 ("1")
--accepting rule at line 103 (";")
--accepting rule at line 55 ("
")
--accepting rule at line 86 ("}")
--accepting rule at line 55 ("
")
--accepting rule at line 55 ("
")
--accepting rule at line 62 ("int")
--accepting rule at line 54 (" ")
--accepting rule at line 78 ("prime")
--accepting rule at line 54 (" ")
--accepting rule at line 94 ("=")
--accepting rule at line 54 (" ")
--accepting rule at line 77 ("2")
--accepting rule at line 103 (";")
--accepting rule at line 55 ("
")
--accepting rule at line 67 ("while")
--accepting rule at line 54 (" ")
--accepting rule at line 101 ("(")
--accepting rule at line 78 ("prime")
--accepting rule at line 54 (" ")
--accepting rule at line 92 ("<")
--accepting rule at line 54 (" ")
--accepting rule at line 77 ("100")
--accepting rule at line 102 (")")
--accepting rule at line 54 (" ")
--accepting rule at line 87 ("{")
--accepting rule at line 55 ("
")
--accepting rule at line 54 ("   ")
--accepting rule at line 65 ("if")
--accepting rule at line 54 (" ")
--accepting rule at line 101 ("(")
--accepting rule at line 78 ("sieve")
--accepting rule at line 89 ("[")
--accepting rule at line 78 ("prime")
--accepting rule at line 90 ("]")
--accepting rule at line 102 (")")
--accepting rule at line 54 (" ")
--accepting rule at line 87 ("{")
--accepting rule at line 55 ("
")
--accepting rule at line 54 ("      ")
--accepting rule at line 78 ("index")
--accepting rule at line 54 (" ")
--accepting rule at line 94 ("=")
--accepting rule at line 54 (" ")
--accepting rule at line 78 ("prime")
--accepting rule at line 54 (" ")
--accepting rule at line 97 ("*")
--accepting rule at line 54 (" ")
--accepting rule at line 77 ("2")
--accepting rule at line 103 (";")
--accepting rule at line 55 ("
")
--accepting rule at line 54 ("      ")
--accepting rule at line 67 ("while")
--accepting rule at line 54 (" ")
--accepting rule at line 101 ("(")
--accepting rule at line 78 ("index")
--accepting rule at line 54 (" ")
--accepting rule at line 92 ("<")
--accepting rule at line 54 (" ")
--accepting rule at line 77 ("100")
--accepting rule at line 102 (")")
--accepting rule at line 54 (" ")
--accepting rule at line 87 ("{")
--accepting rule at line 55 ("
")
--accepting rule at line 54 ("         ")
--accepting rule at line 78 ("sieve")
--accepting rule at line 89 ("[")
--accepting rule at line 78 ("index")
--accepting rule at line 90 ("]")
--accepting rule at line 54 (" ")
--accepting rule at line 94 ("=")
--accepting rule at line 54 (" ")
--accepting rule at line 69 ("false")
--accepting rule at line 103 (";")
--accepting rule at line 55 ("
")
--accepting rule at line 54 ("         ")
--accepting rule at line 78 ("index")
--accepting rule at line 54 (" ")
--accepting rule at line 94 ("=")
--accepting rule at line 54 (" ")
--accepting rule at line 78 ("index")
--accepting rule at line 54 (" ")
--accepting rule at line 95 ("+")
--accepting rule at line 54 (" ")
--accepting rule at line 78 ("prime")
--accepting rule at line 103 (";")
--accepting rule at line 55 ("
")
--accepting rule at line 54 ("      ")
--accepting rule at line 86 ("}")
--accepting rule at line 55 ("
")
--accepting rule at line 54 ("   ")
--accepting rule at line 86 ("}")
--accepting rule at line 55 ("
")
--accepting rule at line 54 ("   ")
--accepting rule at line 78 ("prime")
--accepting rule at line 54 (" ")
--accepting rule at line 94 ("=")
--accepting rule at line 54 (" ")
--accepting rule at line 78 ("prime")
--accepting rule at line 54 (" ")
--accepting rule at line 95 ("+")
--accepting rule at line 54 (" ")
--accepting rule at line 77 ("1")
--accepting rule at line 103 (";")
--accepting rule at line 55 ("
")
--accepting rule at line 86 ("}")
--accepting rule at line 55 ("
")
--accepting rule at line 55 ("
")
--accepting rule at line 78 ("index")
--accepting rule at line 54 (" ")
--accepting rule at line 94 ("=")
--accepting rule at line 54 (" ")
--accepting rule at line 77 ("2")
--accepting rule at line 103 (";")
--accepting rule at line 55 ("
")
--accepting rule at line 67 ("while")
--accepting rule at line 54 (" ")
--accepting rule at line 101 ("(")
--accepting rule at line 78 ("index")
--accepting rule at line 54 (" ")
--accepting rule at line 92 ("<")
--accepting rule at line 54 (" ")
--accepting rule at line 77 ("100")
--accepting rule at line 102 (")")
--accepting rule at line 54 (" ")
--accepting rule at line 87 ("{")
--accepting rule at line 55 ("
")
--accepting rule at line 54 ("   ")
--accepting rule at line 65 ("if")
--accepting rule at line 54 (" ")
--accepting rule at line 101 ("(")
--accepting rule at line 78 ("sieve")
--accepting rule at line 89 ("[")
--accepting rule at line 78 ("index")
--accepting rule at line 90 ("]")
--accepting rule at line 102 (")")
--accepting rule at line 54 (" ")
--accepting rule at line 87 ("{")
--accepting rule at line 55 ("
")
--accepting rule at line 54 ("      ")
--accepting rule at line 78 ("puti")
--accepting rule at line 54 (" ")
--accepting rule at line 101 ("(")
--accepting rule at line 78 ("index")
--accepting rule at line 102 (")")
--accepting rule at line 103 (";")
--accepting rule at line 55 ("
")
--accepting rule at line 54 ("      ")
--accepting rule at line 78 ("endl")
--accepting rule at line 54 (" ")
--accepting rule at line 101 ("(")
--accepting rule at line 102 (")")
--accepting rule at line 103 (";")
--accepting rule at line 55 ("
")
--accepting rule at line 54 ("   ")
--accepting rule at line 86 ("}")
--accepting rule at line 55 ("
")
--accepting rule at line 86 ("}")
--accepting rule at line 55 ("
")
--(end of buffer or a NUL)
--EOF (start condition 0)
