--(end of buffer or a NUL)
--accepting rule at line 53 ("# 1 "45-towers-of-hanoi.oc"")
--accepting rule at line 55 ("
")
--accepting rule at line 53 ("# 1 "<built-in>"")
--accepting rule at line 55 ("
")
--accepting rule at line 53 ("# 1 "<command-line>"")
--accepting rule at line 55 ("
")
--accepting rule at line 53 ("# 1 "45-towers-of-hanoi.oc"")
--accepting rule at line 55 ("
")
--accepting rule at line 55 ("
")
--accepting rule at line 55 ("
")
--accepting rule at line 53 ("# 1 "oclib.oh" 1")
--accepting rule at line 55 ("
")
--accepting rule at line 53 ("# 30 "oclib.oh"")
--accepting rule at line 55 ("
")
--accepting rule at line 59 ("void")
--accepting rule at line 54 (" ")
--accepting rule at line 78 ("__assert_fail")
--accepting rule at line 54 (" ")
--accepting rule at line 101 ("(")
--accepting rule at line 63 ("string")
--accepting rule at line 54 (" ")
--accepting rule at line 78 ("expr")
--accepting rule at line 88 (",")
--accepting rule at line 54 (" ")
--accepting rule at line 63 ("string")
--accepting rule at line 54 (" ")
--accepting rule at line 78 ("file")
--accepting rule at line 88 (",")
--accepting rule at line 54 (" ")
--accepting rule at line 62 ("int")
--accepting rule at line 54 (" ")
--accepting rule at line 78 ("line")
--accepting rule at line 102 (")")
--accepting rule at line 103 (";")
--accepting rule at line 55 ("
")
--accepting rule at line 55 ("
")
--accepting rule at line 55 ("
")
--accepting rule at line 59 ("void")
--accepting rule at line 54 (" ")
--accepting rule at line 78 ("putb")
--accepting rule at line 54 (" ")
--accepting rule at line 101 ("(")
--accepting rule at line 60 ("bool")
--accepting rule at line 54 (" ")
--accepting rule at line 78 ("b")
--accepting rule at line 102 (")")
--accepting rule at line 103 (";")
--accepting rule at line 55 ("
")
--accepting rule at line 59 ("void")
--accepting rule at line 54 (" ")
--accepting rule at line 78 ("putc")
--accepting rule at line 54 (" ")
--accepting rule at line 101 ("(")
--accepting rule at line 61 ("char")
--accepting rule at line 54 (" ")
--accepting rule at line 78 ("c")
--accepting rule at line 102 (")")
--accepting rule at line 103 (";")
--accepting rule at line 55 ("
")
--accepting rule at line 59 ("void")
--accepting rule at line 54 (" ")
--accepting rule at line 78 ("puti")
--accepting rule at line 54 (" ")
--accepting rule at line 101 ("(")
--accepting rule at line 62 ("int")
--accepting rule at line 54 (" ")
--accepting rule at line 78 ("i")
--accepting rule at line 102 (")")
--accepting rule at line 103 (";")
--accepting rule at line 55 ("
")
--accepting rule at line 59 ("void")
--accepting rule at line 54 (" ")
--accepting rule at line 78 ("puts")
--accepting rule at line 54 (" ")
--accepting rule at line 101 ("(")
--accepting rule at line 63 ("string")
--accepting rule at line 54 (" ")
--accepting rule at line 78 ("s")
--accepting rule at line 102 (")")
--accepting rule at line 103 (";")
--accepting rule at line 55 ("
")
--accepting rule at line 59 ("void")
--accepting rule at line 54 (" ")
--accepting rule at line 78 ("endl")
--accepting rule at line 54 (" ")
--accepting rule at line 101 ("(")
--accepting rule at line 102 (")")
--accepting rule at line 103 (";")
--accepting rule at line 55 ("
")
--accepting rule at line 62 ("int")
--accepting rule at line 54 (" ")
--accepting rule at line 78 ("getc")
--accepting rule at line 54 (" ")
--accepting rule at line 101 ("(")
--accepting rule at line 102 (")")
--accepting rule at line 103 (";")
--accepting rule at line 55 ("
")
--accepting rule at line 63 ("string")
--accepting rule at line 54 (" ")
--accepting rule at line 78 ("getw")
--accepting rule at line 54 (" ")
--accepting rule at line 101 ("(")
--accepting rule at line 102 (")")
--accepting rule at line 103 (";")
--accepting rule at line 55 ("
")
--accepting rule at line 63 ("string")
--accepting rule at line 54 (" ")
--accepting rule at line 78 ("getln")
--accepting rule at line 54 (" ")
--accepting rule at line 101 ("(")
--accepting rule at line 102 (")")
--accepting rule at line 103 (";")
--accepting rule at line 55 ("
")
--accepting rule at line 63 ("string")
--accepting rule at line 79 ("[]")
--accepting rule at line 54 (" ")
--accepting rule at line 78 ("getargv")
--accepting rule at line 54 (" ")
--accepting rule at line 101 ("(")
--accepting rule at line 102 (")")
--accepting rule at line 103 (";")
--accepting rule at line 55 ("
")
--accepting rule at line 59 ("void")
--accepting rule at line 54 (" ")
--accepting rule at line 78 ("exit")
--accepting rule at line 54 (" ")
--accepting rule at line 101 ("(")
--accepting rule at line 62 ("int")
--accepting rule at line 54 (" ")
--accepting rule at line 78 ("status")
--accepting rule at line 102 (")")
--accepting rule at line 103 (";")
--accepting rule at line 55 ("
")
--accepting rule at line 53 ("# 4 "45-towers-of-hanoi.oc" 2")
--accepting rule at line 55 ("
")
--accepting rule at line 55 ("
")
--accepting rule at line 59 ("void")
--accepting rule at line 54 (" ")
--accepting rule at line 78 ("move")
--accepting rule at line 54 (" ")
--accepting rule at line 101 ("(")
--accepting rule at line 63 ("string")
--accepting rule at line 54 (" ")
--accepting rule at line 78 ("src")
--accepting rule at line 88 (",")
--accepting rule at line 54 (" ")
--accepting rule at line 63 ("string")
--accepting rule at line 54 (" ")
--accepting rule at line 78 ("dst")
--accepting rule at line 102 (")")
--accepting rule at line 54 (" ")
--accepting rule at line 87 ("{")
--accepting rule at line 55 ("
")
--accepting rule at line 54 ("   ")
--accepting rule at line 78 ("puts")
--accepting rule at line 54 (" ")
--accepting rule at line 101 ("(")
--accepting rule at line 76 (""Move a disk from "")
--accepting rule at line 102 (")")
--accepting rule at line 103 (";")
--accepting rule at line 55 ("
")
--accepting rule at line 54 ("   ")
--accepting rule at line 78 ("puts")
--accepting rule at line 54 (" ")
--accepting rule at line 101 ("(")
--accepting rule at line 78 ("src")
--accepting rule at line 102 (")")
--accepting rule at line 103 (";")
--accepting rule at line 55 ("
")
--accepting rule at line 54 ("   ")
--accepting rule at line 78 ("puts")
--accepting rule at line 54 (" ")
--accepting rule at line 101 ("(")
--accepting rule at line 76 ("" to "")
--accepting rule at line 102 (")")
--accepting rule at line 103 (";")
--accepting rule at line 55 ("
")
--accepting rule at line 54 ("   ")
--accepting rule at line 78 ("puts")
--accepting rule at line 54 (" ")
--accepting rule at line 101 ("(")
--accepting rule at line 78 ("dst")
--accepting rule at line 102 (")")
--accepting rule at line 103 (";")
--accepting rule at line 55 ("
")
--accepting rule at line 54 ("   ")
--accepting rule at line 78 ("puts")
--accepting rule at line 54 (" ")
--accepting rule at line 101 ("(")
--accepting rule at line 76 ("".\n"")
--accepting rule at line 102 (")")
--accepting rule at line 103 (";")
--accepting rule at line 55 ("
")
--accepting rule at line 86 ("}")
--accepting rule at line 55 ("
")
--accepting rule at line 55 ("
")
--accepting rule at line 59 ("void")
--accepting rule at line 54 (" ")
--accepting rule at line 78 ("towers")
--accepting rule at line 54 (" ")
--accepting rule at line 101 ("(")
--accepting rule at line 62 ("int")
--accepting rule at line 54 (" ")
--accepting rule at line 78 ("ndisks")
--accepting rule at line 88 (",")
--accepting rule at line 54 (" ")
--accepting rule at line 63 ("string")
--accepting rule at line 54 (" ")
--accepting rule at line 78 ("src")
--accepting rule at line 88 (",")
--accepting rule at line 54 (" ")
--accepting rule at line 63 ("string")
--accepting rule at line 54 (" ")
--accepting rule at line 78 ("tmp")
--accepting rule at line 88 (",")
--accepting rule at line 54 (" ")
--accepting rule at line 63 ("string")
--accepting rule at line 54 (" ")
--accepting rule at line 78 ("dst")
--accepting rule at line 102 (")")
--accepting rule at line 54 (" ")
--accepting rule at line 87 ("{")
--accepting rule at line 55 ("
")
--accepting rule at line 54 ("   ")
--accepting rule at line 65 ("if")
--accepting rule at line 54 (" ")
--accepting rule at line 101 ("(")
--accepting rule at line 78 ("ndisks")
--accepting rule at line 54 (" ")
--accepting rule at line 92 ("<")
--accepting rule at line 54 (" ")
--accepting rule at line 77 ("1")
--accepting rule at line 102 (")")
--accepting rule at line 54 (" ")
--accepting rule at line 68 ("return")
--accepting rule at line 103 (";")
--accepting rule at line 55 ("
")
--accepting rule at line 54 ("   ")
--accepting rule at line 78 ("towers")
--accepting rule at line 54 (" ")
--accepting rule at line 101 ("(")
--accepting rule at line 78 ("ndisks")
--accepting rule at line 54 (" ")
--accepting rule at line 96 ("-")
--accepting rule at line 54 (" ")
--accepting rule at line 77 ("1")
--accepting rule at line 88 (",")
--accepting rule at line 54 (" ")
--accepting rule at line 78 ("src")
--accepting rule at line 88 (",")
--accepting rule at line 54 (" ")
--accepting rule at line 78 ("dst")
--accepting rule at line 88 (",")
--accepting rule at line 54 (" ")
--accepting rule at line 78 ("tmp")
--accepting rule at line 102 (")")
--accepting rule at line 103 (";")
--accepting rule at line 55 ("
")
--accepting rule at line 54 ("   ")
--accepting rule at line 78 ("move")
--accepting rule at line 54 (" ")
--accepting rule at line 101 ("(")
--accepting rule at line 78 ("src")
--accepting rule at line 88 (",")
--accepting rule at line 54 (" ")
--accepting rule at line 78 ("dst")
--accepting rule at line 102 (")")
--accepting rule at line 103 (";")
--accepting rule at line 55 ("
")
--accepting rule at line 54 ("   ")
--accepting rule at line 78 ("towers")
--accepting rule at line 54 (" ")
--accepting rule at line 101 ("(")
--accepting rule at line 78 ("ndisks")
--accepting rule at line 54 (" ")
--accepting rule at line 96 ("-")
--accepting rule at line 54 (" ")
--accepting rule at line 77 ("1")
--accepting rule at line 88 (",")
--accepting rule at line 54 (" ")
--accepting rule at line 78 ("tmp")
--accepting rule at line 88 (",")
--accepting rule at line 54 (" ")
--accepting rule at line 78 ("src")
--accepting rule at line 88 (",")
--accepting rule at line 54 (" ")
--accepting rule at line 78 ("dst")
--accepting rule at line 102 (")")
--accepting rule at line 103 (";")
--accepting rule at line 55 ("
")
--accepting rule at line 86 ("}")
--accepting rule at line 55 ("
")
--accepting rule at line 55 ("
")
--accepting rule at line 78 ("towers")
--accepting rule at line 54 (" ")
--accepting rule at line 101 ("(")
--accepting rule at line 77 ("4")
--accepting rule at line 88 (",")
--accepting rule at line 54 (" ")
--accepting rule at line 76 (""Source"")
--accepting rule at line 88 (",")
--accepting rule at line 54 (" ")
--accepting rule at line 76 (""Temporary"")
--accepting rule at line 88 (",")
--accepting rule at line 54 (" ")
--accepting rule at line 76 (""Destination"")
--accepting rule at line 102 (")")
--accepting rule at line 103 (";")
--accepting rule at line 55 ("
")
--(end of buffer or a NUL)
--EOF (start condition 0)
