--(end of buffer or a NUL)
--accepting rule at line 53 ("# 1 "53-insertionsort.oc"")
--accepting rule at line 55 ("
")
--accepting rule at line 53 ("# 1 "<built-in>"")
--accepting rule at line 55 ("
")
--accepting rule at line 53 ("# 1 "<command-line>"")
--accepting rule at line 55 ("
")
--accepting rule at line 53 ("# 1 "53-insertionsort.oc"")
--accepting rule at line 55 ("
")
--accepting rule at line 55 ("
")
--accepting rule at line 55 ("
")
--accepting rule at line 55 ("
")
--accepting rule at line 55 ("
")
--accepting rule at line 55 ("
")
--accepting rule at line 53 ("# 1 "oclib.oh" 1")
--accepting rule at line 55 ("
")
--accepting rule at line 53 ("# 30 "oclib.oh"")
--accepting rule at line 55 ("
")
--accepting rule at line 59 ("void")
--accepting rule at line 54 (" ")
--accepting rule at line 78 ("__assert_fail")
--accepting rule at line 54 (" ")
--accepting rule at line 101 ("(")
--accepting rule at line 63 ("string")
--accepting rule at line 54 (" ")
--accepting rule at line 78 ("expr")
--accepting rule at line 88 (",")
--accepting rule at line 54 (" ")
--accepting rule at line 63 ("string")
--accepting rule at line 54 (" ")
--accepting rule at line 78 ("file")
--accepting rule at line 88 (",")
--accepting rule at line 54 (" ")
--accepting rule at line 62 ("int")
--accepting rule at line 54 (" ")
--accepting rule at line 78 ("line")
--accepting rule at line 102 (")")
--accepting rule at line 103 (";")
--accepting rule at line 55 ("
")
--accepting rule at line 55 ("
")
--accepting rule at line 55 ("
")
--accepting rule at line 59 ("void")
--accepting rule at line 54 (" ")
--accepting rule at line 78 ("putb")
--accepting rule at line 54 (" ")
--accepting rule at line 101 ("(")
--accepting rule at line 60 ("bool")
--accepting rule at line 54 (" ")
--accepting rule at line 78 ("b")
--accepting rule at line 102 (")")
--accepting rule at line 103 (";")
--accepting rule at line 55 ("
")
--accepting rule at line 59 ("void")
--accepting rule at line 54 (" ")
--accepting rule at line 78 ("putc")
--accepting rule at line 54 (" ")
--accepting rule at line 101 ("(")
--accepting rule at line 61 ("char")
--accepting rule at line 54 (" ")
--accepting rule at line 78 ("c")
--accepting rule at line 102 (")")
--accepting rule at line 103 (";")
--accepting rule at line 55 ("
")
--accepting rule at line 59 ("void")
--accepting rule at line 54 (" ")
--accepting rule at line 78 ("puti")
--accepting rule at line 54 (" ")
--accepting rule at line 101 ("(")
--accepting rule at line 62 ("int")
--accepting rule at line 54 (" ")
--accepting rule at line 78 ("i")
--accepting rule at line 102 (")")
--accepting rule at line 103 (";")
--accepting rule at line 55 ("
")
--accepting rule at line 59 ("void")
--accepting rule at line 54 (" ")
--accepting rule at line 78 ("puts")
--accepting rule at line 54 (" ")
--accepting rule at line 101 ("(")
--accepting rule at line 63 ("string")
--accepting rule at line 54 (" ")
--accepting rule at line 78 ("s")
--accepting rule at line 102 (")")
--accepting rule at line 103 (";")
--accepting rule at line 55 ("
")
--accepting rule at line 59 ("void")
--accepting rule at line 54 (" ")
--accepting rule at line 78 ("endl")
--accepting rule at line 54 (" ")
--accepting rule at line 101 ("(")
--accepting rule at line 102 (")")
--accepting rule at line 103 (";")
--accepting rule at line 55 ("
")
--accepting rule at line 62 ("int")
--accepting rule at line 54 (" ")
--accepting rule at line 78 ("getc")
--accepting rule at line 54 (" ")
--accepting rule at line 101 ("(")
--accepting rule at line 102 (")")
--accepting rule at line 103 (";")
--accepting rule at line 55 ("
")
--accepting rule at line 63 ("string")
--accepting rule at line 54 (" ")
--accepting rule at line 78 ("getw")
--accepting rule at line 54 (" ")
--accepting rule at line 101 ("(")
--accepting rule at line 102 (")")
--accepting rule at line 103 (";")
--accepting rule at line 55 ("
")
--accepting rule at line 63 ("string")
--accepting rule at line 54 (" ")
--accepting rule at line 78 ("getln")
--accepting rule at line 54 (" ")
--accepting rule at line 101 ("(")
--accepting rule at line 102 (")")
--accepting rule at line 103 (";")
--accepting rule at line 55 ("
")
--accepting rule at line 63 ("string")
--accepting rule at line 79 ("[]")
--accepting rule at line 54 (" ")
--accepting rule at line 78 ("getargv")
--accepting rule at line 54 (" ")
--accepting rule at line 101 ("(")
--accepting rule at line 102 (")")
--accepting rule at line 103 (";")
--accepting rule at line 55 ("
")
--accepting rule at line 59 ("void")
--accepting rule at line 54 (" ")
--accepting rule at line 78 ("exit")
--accepting rule at line 54 (" ")
--accepting rule at line 101 ("(")
--accepting rule at line 62 ("int")
--accepting rule at line 54 (" ")
--accepting rule at line 78 ("status")
--accepting rule at line 102 (")")
--accepting rule at line 103 (";")
--accepting rule at line 55 ("
")
--accepting rule at line 53 ("# 7 "53-insertionsort.oc" 2")
--accepting rule at line 55 ("
")
--accepting rule at line 55 ("
")
--accepting rule at line 62 ("int")
--accepting rule at line 54 (" ")
--accepting rule at line 78 ("strcmp")
--accepting rule at line 54 (" ")
--accepting rule at line 101 ("(")
--accepting rule at line 63 ("string")
--accepting rule at line 54 (" ")
--accepting rule at line 78 ("s1")
--accepting rule at line 88 (",")
--accepting rule at line 54 (" ")
--accepting rule at line 63 ("string")
--accepting rule at line 54 (" ")
--accepting rule at line 78 ("s2")
--accepting rule at line 102 (")")
--accepting rule at line 54 (" ")
--accepting rule at line 87 ("{")
--accepting rule at line 55 ("
")
--accepting rule at line 54 ("   ")
--accepting rule at line 62 ("int")
--accepting rule at line 54 (" ")
--accepting rule at line 78 ("index")
--accepting rule at line 54 (" ")
--accepting rule at line 94 ("=")
--accepting rule at line 54 (" ")
--accepting rule at line 77 ("0")
--accepting rule at line 103 (";")
--accepting rule at line 55 ("
")
--accepting rule at line 54 ("   ")
--accepting rule at line 60 ("bool")
--accepting rule at line 54 (" ")
--accepting rule at line 78 ("contin")
--accepting rule at line 54 (" ")
--accepting rule at line 94 ("=")
--accepting rule at line 54 (" ")
--accepting rule at line 70 ("true")
--accepting rule at line 103 (";")
--accepting rule at line 55 ("
")
--accepting rule at line 54 ("   ")
--accepting rule at line 67 ("while")
--accepting rule at line 54 (" ")
--accepting rule at line 101 ("(")
--accepting rule at line 78 ("contin")
--accepting rule at line 102 (")")
--accepting rule at line 54 (" ")
--accepting rule at line 87 ("{")
--accepting rule at line 55 ("
")
--accepting rule at line 54 ("      ")
--accepting rule at line 61 ("char")
--accepting rule at line 54 (" ")
--accepting rule at line 78 ("s1c")
--accepting rule at line 54 (" ")
--accepting rule at line 94 ("=")
--accepting rule at line 54 (" ")
--accepting rule at line 78 ("s1")
--accepting rule at line 89 ("[")
--accepting rule at line 78 ("index")
--accepting rule at line 90 ("]")
--accepting rule at line 103 (";")
--accepting rule at line 55 ("
")
--accepting rule at line 54 ("      ")
--accepting rule at line 61 ("char")
--accepting rule at line 54 (" ")
--accepting rule at line 78 ("s2c")
--accepting rule at line 54 (" ")
--accepting rule at line 94 ("=")
--accepting rule at line 54 (" ")
--accepting rule at line 78 ("s2")
--accepting rule at line 89 ("[")
--accepting rule at line 78 ("index")
--accepting rule at line 90 ("]")
--accepting rule at line 103 (";")
--accepting rule at line 55 ("
")
--accepting rule at line 54 ("      ")
--accepting rule at line 62 ("int")
--accepting rule at line 54 (" ")
--accepting rule at line 78 ("cmp")
--accepting rule at line 54 (" ")
--accepting rule at line 94 ("=")
--accepting rule at line 54 (" ")
--accepting rule at line 72 ("ord")
--accepting rule at line 54 (" ")
--accepting rule at line 78 ("s1c")
--accepting rule at line 54 (" ")
--accepting rule at line 96 ("-")
--accepting rule at line 54 (" ")
--accepting rule at line 72 ("ord")
--accepting rule at line 54 (" ")
--accepting rule at line 78 ("s2c")
--accepting rule at line 103 (";")
--accepting rule at line 55 ("
")
--accepting rule at line 54 ("      ")
--accepting rule at line 65 ("if")
--accepting rule at line 54 (" ")
--accepting rule at line 101 ("(")
--accepting rule at line 78 ("cmp")
--accepting rule at line 54 (" ")
--accepting rule at line 81 ("!=")
--accepting rule at line 54 (" ")
--accepting rule at line 77 ("0")
--accepting rule at line 102 (")")
--accepting rule at line 54 (" ")
--accepting rule at line 68 ("return")
--accepting rule at line 54 (" ")
--accepting rule at line 78 ("cmp")
--accepting rule at line 103 (";")
--accepting rule at line 55 ("
")
--accepting rule at line 54 ("      ")
--accepting rule at line 65 ("if")
--accepting rule at line 54 (" ")
--accepting rule at line 101 ("(")
--accepting rule at line 78 ("s1c")
--accepting rule at line 54 (" ")
--accepting rule at line 80 ("==")
--accepting rule at line 54 (" ")
--accepting rule at line 108 ("'")
oc: 53-insertionsort.oc: 16: invalid source character (')
--accepting rule at line 108 ("\")
oc: 53-insertionsort.oc: 16: invalid source character (\)
--accepting rule at line 77 ("0")
--accepting rule at line 108 ("'")
oc: 53-insertionsort.oc: 16: invalid source character (')
--accepting rule at line 102 (")")
--accepting rule at line 54 (" ")
--accepting rule at line 78 ("contin")
--accepting rule at line 54 (" ")
--accepting rule at line 94 ("=")
--accepting rule at line 54 (" ")
--accepting rule at line 69 ("false")
--accepting rule at line 103 (";")
--accepting rule at line 55 ("
")
--accepting rule at line 54 ("      ")
--accepting rule at line 78 ("index")
--accepting rule at line 54 (" ")
--accepting rule at line 94 ("=")
--accepting rule at line 54 (" ")
--accepting rule at line 78 ("index")
--accepting rule at line 54 (" ")
--accepting rule at line 95 ("+")
--accepting rule at line 54 (" ")
--accepting rule at line 77 ("1")
--accepting rule at line 103 (";")
--accepting rule at line 55 ("
")
--accepting rule at line 54 ("   ")
--accepting rule at line 86 ("}")
--accepting rule at line 55 ("
")
--accepting rule at line 54 ("   ")
--accepting rule at line 68 ("return")
--accepting rule at line 54 (" ")
--accepting rule at line 77 ("0")
--accepting rule at line 103 (";")
--accepting rule at line 55 ("
")
--accepting rule at line 86 ("}")
--accepting rule at line 55 ("
")
--accepting rule at line 55 ("
")
--accepting rule at line 59 ("void")
--accepting rule at line 54 (" ")
--accepting rule at line 78 ("insertion_sort")
--accepting rule at line 54 (" ")
--accepting rule at line 101 ("(")
--accepting rule at line 62 ("int")
--accepting rule at line 54 (" ")
--accepting rule at line 78 ("size")
--accepting rule at line 88 (",")
--accepting rule at line 54 (" ")
--accepting rule at line 63 ("string")
--accepting rule at line 79 ("[]")
--accepting rule at line 54 (" ")
--accepting rule at line 78 ("array")
--accepting rule at line 102 (")")
--accepting rule at line 54 (" ")
--accepting rule at line 87 ("{")
--accepting rule at line 55 ("
")
--accepting rule at line 54 ("   ")
--accepting rule at line 62 ("int")
--accepting rule at line 54 (" ")
--accepting rule at line 78 ("sorted")
--accepting rule at line 54 (" ")
--accepting rule at line 94 ("=")
--accepting rule at line 54 (" ")
--accepting rule at line 77 ("1")
--accepting rule at line 103 (";")
--accepting rule at line 55 ("
")
--accepting rule at line 54 ("   ")
--accepting rule at line 67 ("while")
--accepting rule at line 54 (" ")
--accepting rule at line 101 ("(")
--accepting rule at line 78 ("sorted")
--accepting rule at line 54 (" ")
--accepting rule at line 92 ("<")
--accepting rule at line 54 (" ")
--accepting rule at line 78 ("size")
--accepting rule at line 102 (")")
--accepting rule at line 54 (" ")
--accepting rule at line 87 ("{")
--accepting rule at line 55 ("
")
--accepting rule at line 54 ("      ")
--accepting rule at line 62 ("int")
--accepting rule at line 54 (" ")
--accepting rule at line 78 ("slot")
--accepting rule at line 54 (" ")
--accepting rule at line 94 ("=")
--accepting rule at line 54 (" ")
--accepting rule at line 78 ("sorted")
--accepting rule at line 103 (";")
--accepting rule at line 55 ("
")
--accepting rule at line 54 ("      ")
--accepting rule at line 63 ("string")
--accepting rule at line 54 (" ")
--accepting rule at line 78 ("element")
--accepting rule at line 54 (" ")
--accepting rule at line 94 ("=")
--accepting rule at line 54 (" ")
--accepting rule at line 78 ("array")
--accepting rule at line 89 ("[")
--accepting rule at line 78 ("slot")
--accepting rule at line 90 ("]")
--accepting rule at line 103 (";")
--accepting rule at line 55 ("
")
--accepting rule at line 54 ("      ")
--accepting rule at line 60 ("bool")
--accepting rule at line 54 (" ")
--accepting rule at line 78 ("contin")
--accepting rule at line 54 (" ")
--accepting rule at line 94 ("=")
--accepting rule at line 54 (" ")
--accepting rule at line 70 ("true")
--accepting rule at line 103 (";")
--accepting rule at line 55 ("
")
--accepting rule at line 54 ("      ")
--accepting rule at line 67 ("while")
--accepting rule at line 54 (" ")
--accepting rule at line 101 ("(")
--accepting rule at line 78 ("contin")
--accepting rule at line 102 (")")
--accepting rule at line 54 (" ")
--accepting rule at line 87 ("{")
--accepting rule at line 55 ("
")
--accepting rule at line 54 ("         ")
--accepting rule at line 65 ("if")
--accepting rule at line 54 (" ")
--accepting rule at line 101 ("(")
--accepting rule at line 78 ("slot")
--accepting rule at line 54 (" ")
--accepting rule at line 80 ("==")
--accepting rule at line 54 (" ")
--accepting rule at line 77 ("0")
--accepting rule at line 102 (")")
--accepting rule at line 54 (" ")
--accepting rule at line 87 ("{")
--accepting rule at line 55 ("
")
--accepting rule at line 54 ("            ")
--accepting rule at line 78 ("contin")
--accepting rule at line 54 (" ")
--accepting rule at line 94 ("=")
--accepting rule at line 54 (" ")
--accepting rule at line 69 ("false")
--accepting rule at line 103 (";")
--accepting rule at line 55 ("
")
--accepting rule at line 54 ("         ")
--accepting rule at line 86 ("}")
--accepting rule at line 66 ("else")
--accepting rule at line 54 (" ")
--accepting rule at line 65 ("if")
--accepting rule at line 54 (" ")
--accepting rule at line 101 ("(")
--accepting rule at line 78 ("strcmp")
--accepting rule at line 54 (" ")
--accepting rule at line 101 ("(")
--accepting rule at line 78 ("array")
--accepting rule at line 89 ("[")
--accepting rule at line 78 ("slot")
--accepting rule at line 54 (" ")
--accepting rule at line 96 ("-")
--accepting rule at line 54 (" ")
--accepting rule at line 77 ("1")
--accepting rule at line 90 ("]")
--accepting rule at line 88 (",")
--accepting rule at line 54 (" ")
--accepting rule at line 78 ("element")
--accepting rule at line 102 (")")
--accepting rule at line 54 (" ")
--accepting rule at line 82 ("<=")
--accepting rule at line 54 (" ")
--accepting rule at line 77 ("0")
--accepting rule at line 102 (")")
--accepting rule at line 54 (" ")
--accepting rule at line 87 ("{")
--accepting rule at line 55 ("
")
--accepting rule at line 54 ("            ")
--accepting rule at line 78 ("contin")
--accepting rule at line 54 (" ")
--accepting rule at line 94 ("=")
--accepting rule at line 54 (" ")
--accepting rule at line 69 ("false")
--accepting rule at line 103 (";")
--accepting rule at line 55 ("
")
--accepting rule at line 54 ("         ")
--accepting rule at line 86 ("}")
--accepting rule at line 66 ("else")
--accepting rule at line 54 (" ")
--accepting rule at line 87 ("{")
--accepting rule at line 55 ("
")
--accepting rule at line 54 ("            ")
--accepting rule at line 78 ("array")
--accepting rule at line 89 ("[")
--accepting rule at line 78 ("slot")
--accepting rule at line 90 ("]")
--accepting rule at line 54 (" ")
--accepting rule at line 94 ("=")
--accepting rule at line 54 (" ")
--accepting rule at line 78 ("array")
--accepting rule at line 89 ("[")
--accepting rule at line 78 ("slot")
--accepting rule at line 54 (" ")
--accepting rule at line 96 ("-")
--accepting rule at line 54 (" ")
--accepting rule at line 77 ("1")
--accepting rule at line 90 ("]")
--accepting rule at line 103 (";")
--accepting rule at line 55 ("
")
--accepting rule at line 54 ("            ")
--accepting rule at line 78 ("slot")
--accepting rule at line 54 (" ")
--accepting rule at line 94 ("=")
--accepting rule at line 54 (" ")
--accepting rule at line 78 ("slot")
--accepting rule at line 54 (" ")
--accepting rule at line 96 ("-")
--accepting rule at line 54 (" ")
--accepting rule at line 77 ("1")
--accepting rule at line 103 (";")
--accepting rule at line 55 ("
")
--accepting rule at line 54 ("         ")
--accepting rule at line 86 ("}")
--accepting rule at line 55 ("
")
--accepting rule at line 54 ("      ")
--accepting rule at line 86 ("}")
--accepting rule at line 55 ("
")
--accepting rule at line 54 ("      ")
--accepting rule at line 78 ("array")
--accepting rule at line 89 ("[")
--accepting rule at line 78 ("slot")
--accepting rule at line 90 ("]")
--accepting rule at line 54 (" ")
--accepting rule at line 94 ("=")
--accepting rule at line 54 (" ")
--accepting rule at line 78 ("element")
--accepting rule at line 103 (";")
--accepting rule at line 55 ("
")
--accepting rule at line 54 ("      ")
--accepting rule at line 78 ("sorted")
--accepting rule at line 54 (" ")
--accepting rule at line 94 ("=")
--accepting rule at line 54 (" ")
--accepting rule at line 78 ("sorted")
--accepting rule at line 54 (" ")
--accepting rule at line 95 ("+")
--accepting rule at line 54 (" ")
--accepting rule at line 77 ("1")
--accepting rule at line 103 (";")
--accepting rule at line 55 ("
")
--accepting rule at line 54 ("   ")
--accepting rule at line 86 ("}")
--accepting rule at line 55 ("
")
--accepting rule at line 86 ("}")
--accepting rule at line 55 ("
")
--accepting rule at line 55 ("
")
--accepting rule at line 59 ("void")
--accepting rule at line 54 (" ")
--accepting rule at line 78 ("print_array")
--accepting rule at line 54 (" ")
--accepting rule at line 101 ("(")
--accepting rule at line 63 ("string")
--accepting rule at line 54 (" ")
--accepting rule at line 78 ("label")
--accepting rule at line 88 (",")
--accepting rule at line 54 (" ")
--accepting rule at line 62 ("int")
--accepting rule at line 54 (" ")
--accepting rule at line 78 ("size")
--accepting rule at line 88 (",")
--accepting rule at line 54 (" ")
--accepting rule at line 63 ("string")
--accepting rule at line 79 ("[]")
--accepting rule at line 54 (" ")
--accepting rule at line 78 ("array")
--accepting rule at line 102 (")")
--accepting rule at line 54 (" ")
--accepting rule at line 87 ("{")
--accepting rule at line 55 ("
")
--accepting rule at line 54 ("   ")
--accepting rule at line 78 ("endl")
--accepting rule at line 54 (" ")
--accepting rule at line 101 ("(")
--accepting rule at line 102 (")")
--accepting rule at line 103 (";")
--accepting rule at line 55 ("
")
--accepting rule at line 54 ("   ")
--accepting rule at line 78 ("puts")
--accepting rule at line 54 (" ")
--accepting rule at line 101 ("(")
--accepting rule at line 78 ("label")
--accepting rule at line 102 (")")
--accepting rule at line 103 (";")
--accepting rule at line 55 ("
")
--accepting rule at line 54 ("   ")
--accepting rule at line 78 ("puts")
--accepting rule at line 54 (" ")
--accepting rule at line 101 ("(")
--accepting rule at line 76 ("":\n"")
--accepting rule at line 102 (")")
--accepting rule at line 103 (";")
--accepting rule at line 55 ("
")
--accepting rule at line 54 ("   ")
--accepting rule at line 62 ("int")
--accepting rule at line 54 (" ")
--accepting rule at line 78 ("index")
--accepting rule at line 54 (" ")
--accepting rule at line 94 ("=")
--accepting rule at line 54 (" ")
--accepting rule at line 77 ("0")
--accepting rule at line 103 (";")
--accepting rule at line 55 ("
")
--accepting rule at line 54 ("   ")
--accepting rule at line 67 ("while")
--accepting rule at line 54 (" ")
--accepting rule at line 101 ("(")
--accepting rule at line 78 ("index")
--accepting rule at line 54 (" ")
--accepting rule at line 92 ("<")
--accepting rule at line 54 (" ")
--accepting rule at line 78 ("size")
--accepting rule at line 102 (")")
--accepting rule at line 54 (" ")
--accepting rule at line 87 ("{")
--accepting rule at line 55 ("
")
--accepting rule at line 54 ("      ")
--accepting rule at line 78 ("puts")
--accepting rule at line 54 (" ")
--accepting rule at line 101 ("(")
--accepting rule at line 78 ("array")
--accepting rule at line 89 ("[")
--accepting rule at line 78 ("index")
--accepting rule at line 90 ("]")
--accepting rule at line 102 (")")
--accepting rule at line 103 (";")
--accepting rule at line 55 ("
")
--accepting rule at line 54 ("      ")
--accepting rule at line 78 ("endl")
--accepting rule at line 54 (" ")
--accepting rule at line 101 ("(")
--accepting rule at line 102 (")")
--accepting rule at line 103 (";")
--accepting rule at line 55 ("
")
--accepting rule at line 54 ("      ")
--accepting rule at line 78 ("index")
--accepting rule at line 54 (" ")
--accepting rule at line 94 ("=")
--accepting rule at line 54 (" ")
--accepting rule at line 78 ("index")
--accepting rule at line 54 (" ")
--accepting rule at line 95 ("+")
--accepting rule at line 54 (" ")
--accepting rule at line 77 ("1")
--accepting rule at line 103 (";")
--accepting rule at line 55 ("
")
--accepting rule at line 54 ("   ")
--accepting rule at line 86 ("}")
--accepting rule at line 55 ("
")
--accepting rule at line 86 ("}")
--accepting rule at line 55 ("
")
--accepting rule at line 55 ("
")
--accepting rule at line 63 ("string")
--accepting rule at line 79 ("[]")
--accepting rule at line 54 (" ")
--accepting rule at line 78 ("argv")
--accepting rule at line 54 (" ")
--accepting rule at line 94 ("=")
--accepting rule at line 54 (" ")
--accepting rule at line 78 ("getargv")
--accepting rule at line 54 (" ")
--accepting rule at line 101 ("(")
--accepting rule at line 102 (")")
--accepting rule at line 103 (";")
--accepting rule at line 55 ("
")
--accepting rule at line 62 ("int")
--accepting rule at line 54 (" ")
--accepting rule at line 78 ("argc")
--accepting rule at line 54 (" ")
--accepting rule at line 94 ("=")
--accepting rule at line 54 (" ")
--accepting rule at line 77 ("0")
--accepting rule at line 103 (";")
--accepting rule at line 55 ("
")
--accepting rule at line 67 ("while")
--accepting rule at line 54 (" ")
--accepting rule at line 101 ("(")
--accepting rule at line 78 ("argv")
--accepting rule at line 89 ("[")
--accepting rule at line 78 ("argc")
--accepting rule at line 90 ("]")
--accepting rule at line 54 (" ")
--accepting rule at line 81 ("!=")
--accepting rule at line 54 (" ")
--accepting rule at line 71 ("null")
--accepting rule at line 102 (")")
--accepting rule at line 54 (" ")
--accepting rule at line 78 ("argc")
--accepting rule at line 54 (" ")
--accepting rule at line 94 ("=")
--accepting rule at line 54 (" ")
--accepting rule at line 78 ("argc")
--accepting rule at line 54 (" ")
--accepting rule at line 95 ("+")
--accepting rule at line 54 (" ")
--accepting rule at line 77 ("1")
--accepting rule at line 103 (";")
--accepting rule at line 55 ("
")
--accepting rule at line 78 ("print_array")
--accepting rule at line 54 (" ")
--accepting rule at line 101 ("(")
--accepting rule at line 76 (""unsorted"")
--accepting rule at line 88 (",")
--accepting rule at line 54 (" ")
--accepting rule at line 78 ("argc")
--accepting rule at line 88 (",")
--accepting rule at line 54 (" ")
--accepting rule at line 78 ("argv")
--accepting rule at line 102 (")")
--accepting rule at line 103 (";")
--accepting rule at line 55 ("
")
--accepting rule at line 78 ("insertion_sort")
--accepting rule at line 54 (" ")
--accepting rule at line 101 ("(")
--accepting rule at line 78 ("argc")
--accepting rule at line 88 (",")
--accepting rule at line 54 (" ")
--accepting rule at line 78 ("argv")
--accepting rule at line 102 (")")
--accepting rule at line 103 (";")
--accepting rule at line 55 ("
")
--accepting rule at line 78 ("print_array")
--accepting rule at line 54 (" ")
--accepting rule at line 101 ("(")
--accepting rule at line 76 (""sorted"")
--accepting rule at line 88 (",")
--accepting rule at line 54 (" ")
--accepting rule at line 78 ("argc")
--accepting rule at line 88 (",")
--accepting rule at line 54 (" ")
--accepting rule at line 78 ("argv")
--accepting rule at line 102 (")")
--accepting rule at line 103 (";")
--accepting rule at line 55 ("
")
--(end of buffer or a NUL)
--EOF (start condition 0)
