--(end of buffer or a NUL)
--accepting rule at line 53 ("# 1 "90-c8q.oc"")
--accepting rule at line 55 ("
")
--accepting rule at line 53 ("# 1 "<built-in>"")
--accepting rule at line 55 ("
")
--accepting rule at line 53 ("# 1 "<command-line>"")
--accepting rule at line 55 ("
")
--accepting rule at line 53 ("# 1 "90-c8q.oc"")
--accepting rule at line 55 ("
")
--accepting rule at line 61 ("char")
--accepting rule at line 54 (" ")
--accepting rule at line 78 ("O")
--accepting rule at line 89 ("[")
--accepting rule at line 77 ("9")
--accepting rule at line 90 ("]")
--accepting rule at line 103 (";")
--accepting rule at line 78 ("Q")
--accepting rule at line 101 ("(")
--accepting rule at line 78 ("l")
--accepting rule at line 88 (",")
--accepting rule at line 78 ("b")
--accepting rule at line 88 (",")
--accepting rule at line 78 ("d")
--accepting rule at line 102 (")")
--accepting rule at line 87 ("{")
--accepting rule at line 62 ("int")
--accepting rule at line 54 (" ")
--accepting rule at line 78 ("o")
--accepting rule at line 94 ("=")
--accepting rule at line 77 ("8")
--accepting rule at line 88 (",")
--accepting rule at line 78 ("p")
--accepting rule at line 94 ("=")
--accepting rule at line 77 ("1")
--accepting rule at line 88 (",")
--accepting rule at line 78 ("q")
--accepting rule at line 94 ("=")
--accepting rule at line 77 ("1")
--accepting rule at line 92 ("<")
--accepting rule at line 92 ("<")
--accepting rule at line 55 ("
")
--accepting rule at line 78 ("l")
--accepting rule at line 108 ("|")
oc: 90-c8q.oc: 2: invalid source character (|)
--accepting rule at line 77 ("1")
--accepting rule at line 92 ("<")
--accepting rule at line 92 ("<")
--accepting rule at line 77 ("22")
--accepting rule at line 96 ("-")
--accepting rule at line 78 ("l")
--accepting rule at line 103 (";")
--accepting rule at line 78 ("for")
--accepting rule at line 101 ("(")
--accepting rule at line 103 (";")
--accepting rule at line 78 ("l")
--accepting rule at line 93 (">")
--accepting rule at line 77 ("7")
--accepting rule at line 108 ("?")
oc: 90-c8q.oc: 2: invalid source character (?)
--accepting rule at line 100 ("!")
--accepting rule at line 78 ("write")
--accepting rule at line 101 ("(")
--accepting rule at line 77 ("1")
--accepting rule at line 88 (",")
--accepting rule at line 78 ("O")
--accepting rule at line 88 (",")
--accepting rule at line 77 ("9")
--accepting rule at line 102 (")")
--accepting rule at line 108 (":")
oc: 90-c8q.oc: 2: invalid source character (:)
--accepting rule at line 78 ("o")
--accepting rule at line 96 ("-")
--accepting rule at line 96 ("-")
--accepting rule at line 55 ("
")
--accepting rule at line 103 (";")
--accepting rule at line 102 (")")
--accepting rule at line 78 ("O")
--accepting rule at line 89 ("[")
--accepting rule at line 78 ("l")
--accepting rule at line 90 ("]")
--accepting rule at line 94 ("=")
--accepting rule at line 77 ("56")
--accepting rule at line 96 ("-")
--accepting rule at line 78 ("o")
--accepting rule at line 88 (",")
--accepting rule at line 78 ("b")
--accepting rule at line 108 ("&")
oc: 90-c8q.oc: 3: invalid source character (&)
--accepting rule at line 78 ("p")
--accepting rule at line 108 ("|")
oc: 90-c8q.oc: 3: invalid source character (|)
--accepting rule at line 78 ("d")
--accepting rule at line 108 ("&")
oc: 90-c8q.oc: 3: invalid source character (&)
--accepting rule at line 78 ("q")
--accepting rule at line 108 ("|")
oc: 90-c8q.oc: 3: invalid source character (|)
--accepting rule at line 108 ("|")
oc: 90-c8q.oc: 3: invalid source character (|)
--accepting rule at line 78 ("Q")
--accepting rule at line 101 ("(")
--accepting rule at line 78 ("l")
--accepting rule at line 95 ("+")
--accepting rule at line 77 ("1")
--accepting rule at line 88 (",")
--accepting rule at line 78 ("b")
--accepting rule at line 108 ("|")
oc: 90-c8q.oc: 3: invalid source character (|)
--accepting rule at line 78 ("p")
--accepting rule at line 88 (",")
--accepting rule at line 78 ("d")
--accepting rule at line 108 ("|")
oc: 90-c8q.oc: 3: invalid source character (|)
--accepting rule at line 78 ("q")
--accepting rule at line 102 (")")
--accepting rule at line 88 (",")
--accepting rule at line 55 ("
")
--accepting rule at line 78 ("p")
--accepting rule at line 97 ("*")
--accepting rule at line 94 ("=")
--accepting rule at line 77 ("2")
--accepting rule at line 88 (",")
--accepting rule at line 78 ("q")
--accepting rule at line 97 ("*")
--accepting rule at line 94 ("=")
--accepting rule at line 77 ("2")
--accepting rule at line 103 (";")
--accepting rule at line 86 ("}")
--accepting rule at line 78 ("main")
--accepting rule at line 101 ("(")
--accepting rule at line 102 (")")
--accepting rule at line 87 ("{")
--accepting rule at line 78 ("O")
--accepting rule at line 89 ("[")
--accepting rule at line 77 ("8")
--accepting rule at line 90 ("]")
--accepting rule at line 94 ("=")
--accepting rule at line 77 ("10")
--accepting rule at line 103 (";")
--accepting rule at line 78 ("Q")
--accepting rule at line 101 ("(")
--accepting rule at line 77 ("0")
--accepting rule at line 88 (",")
--accepting rule at line 77 ("0")
--accepting rule at line 88 (",")
--accepting rule at line 77 ("0")
--accepting rule at line 102 (")")
--accepting rule at line 103 (";")
--accepting rule at line 86 ("}")
--accepting rule at line 55 ("
")
--(end of buffer or a NUL)
--EOF (start condition 0)
