--(end of buffer or a NUL)
--accepting rule at line 53 ("# 1 "93-semantics.oc"")
--accepting rule at line 55 ("
")
--accepting rule at line 53 ("# 1 "<built-in>"")
--accepting rule at line 55 ("
")
--accepting rule at line 53 ("# 1 "<command-line>"")
--accepting rule at line 55 ("
")
--accepting rule at line 53 ("# 1 "93-semantics.oc"")
--accepting rule at line 55 ("
")
--accepting rule at line 55 ("
")
--accepting rule at line 55 ("
")
--accepting rule at line 55 ("
")
--accepting rule at line 62 ("int")
--accepting rule at line 79 ("[]")
--accepting rule at line 54 (" ")
--accepting rule at line 78 ("a")
--accepting rule at line 54 (" ")
--accepting rule at line 94 ("=")
--accepting rule at line 54 (" ")
--accepting rule at line 71 ("null")
--accepting rule at line 103 (";")
--accepting rule at line 55 ("
")
--accepting rule at line 62 ("int")
--accepting rule at line 79 ("[]")
--accepting rule at line 54 (" ")
--accepting rule at line 78 ("b")
--accepting rule at line 54 (" ")
--accepting rule at line 94 ("=")
--accepting rule at line 54 (" ")
--accepting rule at line 71 ("null")
--accepting rule at line 103 (";")
--accepting rule at line 55 ("
")
--accepting rule at line 62 ("int")
--accepting rule at line 54 (" ")
--accepting rule at line 78 ("c")
--accepting rule at line 54 (" ")
--accepting rule at line 94 ("=")
--accepting rule at line 54 (" ")
--accepting rule at line 78 ("a")
--accepting rule at line 54 (" ")
--accepting rule at line 95 ("+")
--accepting rule at line 54 (" ")
--accepting rule at line 78 ("b")
--accepting rule at line 103 (";")
--accepting rule at line 55 ("
")
--accepting rule at line 59 ("void")
--accepting rule at line 79 ("[]")
--accepting rule at line 54 (" ")
--accepting rule at line 78 ("f")
--accepting rule at line 101 ("(")
--accepting rule at line 102 (")")
--accepting rule at line 54 (" ")
--accepting rule at line 87 ("{")
--accepting rule at line 86 ("}")
--accepting rule at line 103 (";")
--accepting rule at line 55 ("
")
--accepting rule at line 59 ("void")
--accepting rule at line 54 (" ")
--accepting rule at line 78 ("n")
--accepting rule at line 54 (" ")
--accepting rule at line 94 ("=")
--accepting rule at line 54 (" ")
--accepting rule at line 71 ("null")
--accepting rule at line 103 (";")
--accepting rule at line 55 ("
")
--accepting rule at line 60 ("bool")
--accepting rule at line 54 (" ")
--accepting rule at line 78 ("x")
--accepting rule at line 54 (" ")
--accepting rule at line 94 ("=")
--accepting rule at line 54 (" ")
--accepting rule at line 78 ("a")
--accepting rule at line 54 (" ")
--accepting rule at line 92 ("<")
--accepting rule at line 54 (" ")
--accepting rule at line 78 ("b")
--accepting rule at line 103 (";")
--accepting rule at line 55 ("
")
--accepting rule at line 60 ("bool")
--accepting rule at line 54 (" ")
--accepting rule at line 78 ("y")
--accepting rule at line 54 (" ")
--accepting rule at line 94 ("=")
--accepting rule at line 54 (" ")
--accepting rule at line 78 ("a")
--accepting rule at line 80 ("==")
--accepting rule at line 78 ("b")
--accepting rule at line 103 (";")
--accepting rule at line 55 ("
")
--(end of buffer or a NUL)
--EOF (start condition 0)
