--(end of buffer or a NUL)
--accepting rule at line 53 ("# 1 "95-cobol.oc"")
--accepting rule at line 55 ("
")
--accepting rule at line 53 ("# 1 "<built-in>"")
--accepting rule at line 55 ("
")
--accepting rule at line 53 ("# 1 "<command-line>"")
--accepting rule at line 55 ("
")
--accepting rule at line 53 ("# 1 "95-cobol.oc"")
--accepting rule at line 55 ("
")
--accepting rule at line 55 ("
")
--accepting rule at line 55 ("
")
--accepting rule at line 77 ("000100")
--accepting rule at line 54 (" ")
--accepting rule at line 78 ("IDENTIFICATION")
--accepting rule at line 54 (" ")
--accepting rule at line 78 ("DIVISION")
--accepting rule at line 91 (".")
--accepting rule at line 55 ("
")
--accepting rule at line 77 ("000200")
--accepting rule at line 54 (" ")
--accepting rule at line 78 ("PROGRAM")
--accepting rule at line 96 ("-")
--accepting rule at line 78 ("ID")
--accepting rule at line 91 (".")
--accepting rule at line 54 (" ")
--accepting rule at line 78 ("HELLOWORLD")
--accepting rule at line 91 (".")
--accepting rule at line 55 ("
")
--accepting rule at line 77 ("000300")
--accepting rule at line 55 ("
")
--accepting rule at line 77 ("000400")
--accepting rule at line 97 ("*")
--accepting rule at line 55 ("
")
--accepting rule at line 77 ("000500")
--accepting rule at line 54 (" ")
--accepting rule at line 78 ("ENVIRONMENT")
--accepting rule at line 54 (" ")
--accepting rule at line 78 ("DIVISION")
--accepting rule at line 91 (".")
--accepting rule at line 55 ("
")
--accepting rule at line 77 ("000600")
--accepting rule at line 54 (" ")
--accepting rule at line 78 ("CONFIGURATION")
--accepting rule at line 54 (" ")
--accepting rule at line 78 ("SECTION")
--accepting rule at line 91 (".")
--accepting rule at line 55 ("
")
--accepting rule at line 77 ("000700")
--accepting rule at line 54 (" ")
--accepting rule at line 78 ("SOURCE")
--accepting rule at line 96 ("-")
--accepting rule at line 78 ("COMPUTER")
--accepting rule at line 91 (".")
--accepting rule at line 54 (" ")
--accepting rule at line 78 ("RM")
--accepting rule at line 96 ("-")
--accepting rule at line 78 ("COBOL")
--accepting rule at line 91 (".")
--accepting rule at line 55 ("
")
--accepting rule at line 77 ("000800")
--accepting rule at line 54 (" ")
--accepting rule at line 78 ("OBJECT")
--accepting rule at line 96 ("-")
--accepting rule at line 78 ("COMPUTER")
--accepting rule at line 91 (".")
--accepting rule at line 54 (" ")
--accepting rule at line 78 ("RM")
--accepting rule at line 96 ("-")
--accepting rule at line 78 ("COBOL")
--accepting rule at line 91 (".")
--accepting rule at line 55 ("
")
--accepting rule at line 77 ("000900")
--accepting rule at line 55 ("
")
--accepting rule at line 77 ("001000")
--accepting rule at line 54 (" ")
--accepting rule at line 78 ("DATA")
--accepting rule at line 54 (" ")
--accepting rule at line 78 ("DIVISION")
--accepting rule at line 91 (".")
--accepting rule at line 55 ("
")
--accepting rule at line 77 ("001100")
--accepting rule at line 54 (" ")
--accepting rule at line 78 ("FILE")
--accepting rule at line 54 (" ")
--accepting rule at line 78 ("SECTION")
--accepting rule at line 91 (".")
--accepting rule at line 55 ("
")
--accepting rule at line 77 ("001200")
--accepting rule at line 55 ("
")
--accepting rule at line 77 ("100000")
--accepting rule at line 54 (" ")
--accepting rule at line 78 ("PROCEDURE")
--accepting rule at line 54 (" ")
--accepting rule at line 78 ("DIVISION")
--accepting rule at line 91 (".")
--accepting rule at line 55 ("
")
--accepting rule at line 77 ("100100")
--accepting rule at line 55 ("
")
--accepting rule at line 77 ("100200")
--accepting rule at line 54 (" ")
--accepting rule at line 78 ("MAIN")
--accepting rule at line 96 ("-")
--accepting rule at line 78 ("LOGIC")
--accepting rule at line 54 (" ")
--accepting rule at line 78 ("SECTION")
--accepting rule at line 91 (".")
--accepting rule at line 55 ("
")
--accepting rule at line 77 ("100300")
--accepting rule at line 54 (" ")
--accepting rule at line 78 ("BEGIN")
--accepting rule at line 91 (".")
--accepting rule at line 55 ("
")
--accepting rule at line 77 ("100400")
--accepting rule at line 54 (" ")
--accepting rule at line 78 ("DISPLAY")
--accepting rule at line 54 (" ")
--accepting rule at line 76 ("" "")
--accepting rule at line 54 (" ")
--accepting rule at line 78 ("LINE")
--accepting rule at line 54 (" ")
--accepting rule at line 77 ("1")
--accepting rule at line 54 (" ")
--accepting rule at line 78 ("POSITION")
--accepting rule at line 54 (" ")
--accepting rule at line 77 ("1")
--accepting rule at line 54 (" ")
--accepting rule at line 78 ("ERASE")
--accepting rule at line 54 (" ")
--accepting rule at line 78 ("EOS")
--accepting rule at line 91 (".")
--accepting rule at line 55 ("
")
--accepting rule at line 77 ("100500")
--accepting rule at line 54 (" ")
--accepting rule at line 78 ("DISPLAY")
--accepting rule at line 54 (" ")
--accepting rule at line 76 (""Hello world!"")
--accepting rule at line 54 (" ")
--accepting rule at line 78 ("LINE")
--accepting rule at line 54 (" ")
--accepting rule at line 77 ("15")
--accepting rule at line 54 (" ")
--accepting rule at line 78 ("POSITION")
--accepting rule at line 54 (" ")
--accepting rule at line 77 ("10.")
--accepting rule at line 55 ("
")
--accepting rule at line 77 ("100600")
--accepting rule at line 54 (" ")
--accepting rule at line 78 ("STOP")
--accepting rule at line 54 (" ")
--accepting rule at line 78 ("RUN")
--accepting rule at line 91 (".")
--accepting rule at line 55 ("
")
--accepting rule at line 77 ("100700")
--accepting rule at line 54 (" ")
--accepting rule at line 78 ("MAIN")
--accepting rule at line 96 ("-")
--accepting rule at line 78 ("LOGIC")
--accepting rule at line 96 ("-")
--accepting rule at line 78 ("EXIT")
--accepting rule at line 91 (".")
--accepting rule at line 55 ("
")
--accepting rule at line 77 ("100800")
--accepting rule at line 54 (" ")
--accepting rule at line 78 ("EXIT")
--accepting rule at line 91 (".")
--accepting rule at line 55 ("
")
--(end of buffer or a NUL)
--EOF (start condition 0)
