--(end of buffer or a NUL)
96-unterminated.oc:5:12: warning: missing terminating " character
96-unterminated.oc:6:10: warning: missing terminating ' character
96-unterminated.oc:7:5: warning: missing terminating " character
96-unterminated.oc:8:5: warning: missing terminating " character
--accepting rule at line 53 ("# 1 "96-unterminated.oc"")
--accepting rule at line 55 ("
")
--accepting rule at line 53 ("# 1 "<built-in>"")
--accepting rule at line 55 ("
")
--accepting rule at line 53 ("# 1 "<command-line>"")
--accepting rule at line 55 ("
")
--accepting rule at line 53 ("# 1 "96-unterminated.oc"")
--accepting rule at line 55 ("
")
--accepting rule at line 55 ("
")
--accepting rule at line 55 ("
")
--accepting rule at line 55 ("
")
--accepting rule at line 63 ("string")
--accepting rule at line 54 (" ")
--accepting rule at line 78 ("t")
--accepting rule at line 54 (" ")
--accepting rule at line 94 ("=")
--accepting rule at line 54 (" ")
--accepting rule at line 108 (""")
oc: 96-unterminated.oc: 4: invalid source character (")
--accepting rule at line 108 ("\")
oc: 96-unterminated.oc: 4: invalid source character (\)
--accepting rule at line 97 ("*")
--accepting rule at line 98 ("/")
--accepting rule at line 108 (""")
oc: 96-unterminated.oc: 4: invalid source character (")
--accepting rule at line 103 (";")
--accepting rule at line 55 ("
")
--accepting rule at line 63 ("string")
--accepting rule at line 54 (" ")
--accepting rule at line 78 ("s")
--accepting rule at line 54 (" ")
--accepting rule at line 94 ("=")
--accepting rule at line 54 (" ")
--accepting rule at line 108 (""")
oc: 96-unterminated.oc: 5: invalid source character (")
--accepting rule at line 78 ("abc")
--accepting rule at line 103 (";")
--accepting rule at line 55 ("
")
--accepting rule at line 61 ("char")
--accepting rule at line 54 (" ")
--accepting rule at line 78 ("c")
--accepting rule at line 54 (" ")
--accepting rule at line 94 ("=")
--accepting rule at line 54 (" ")
--accepting rule at line 108 ("'")
oc: 96-unterminated.oc: 6: invalid source character (')
--accepting rule at line 78 ("a")
--accepting rule at line 103 (";")
--accepting rule at line 55 ("
")
--accepting rule at line 78 ("s")
--accepting rule at line 54 (" ")
--accepting rule at line 94 ("=")
--accepting rule at line 54 (" ")
--accepting rule at line 108 (""")
oc: 96-unterminated.oc: 7: invalid source character (")
--accepting rule at line 78 ("abcd")
--accepting rule at line 108 ("\")
oc: 96-unterminated.oc: 7: invalid source character (\)
--accepting rule at line 108 (""")
oc: 96-unterminated.oc: 7: invalid source character (")
--accepting rule at line 103 (";")
--accepting rule at line 55 ("
")
--accepting rule at line 78 ("s")
--accepting rule at line 54 (" ")
--accepting rule at line 94 ("=")
--accepting rule at line 54 (" ")
--accepting rule at line 108 (""")
oc: 96-unterminated.oc: 8: invalid source character (")
--accepting rule at line 78 ("abc")
--accepting rule at line 108 ("|")
oc: 96-unterminated.oc: 8: invalid source character (|)
--accepting rule at line 103 (";")
--accepting rule at line 55 ("
")
--accepting rule at line 55 ("
")
--accepting rule at line 62 ("int")
--accepting rule at line 54 (" ")
--accepting rule at line 77 ("23")
--accepting rule at line 78 ("foobar")
--accepting rule at line 103 (";")
--accepting rule at line 55 ("
")
--(end of buffer or a NUL)
--EOF (start condition 0)
