checksource: improper character \x09 = ^I (tab)
   file "yylex.cpp": 1632 errors: lines 125, 132--133, 217--219, 
        222--227, 239, 241, 247--248, 250--253, 255--258, 260--264, 
        266--271, 273--277, 282--285, 287, 291--300, 303, 342--342, 
        347--348, 385--386, 388--388, 390--392, 395--396, 398--398, 
        400--402, 440, 442--444, 446, 454--457, 767--793, 864, 872--874, 
        882--884, 887--887, 890--891, 893--893, 895--895, 900--900, 
        902--902, 907--911, 913--914, 916--917, 919--919, 921--922, 
        924--927, 930--930, 932--949, 953--959, 961--961, 965, 968--982, 
        984--985, 987--992, 998, 1003, 1009, 1014, 1019, 1024, 1029, 
        1034, 1039, 1044, 1049, 1054, 1059, 1064, 1069, 1074, 1079, 
        1084, 1089, 1094, 1099, 1104, 1109, 1114, 1119, 1124, 1129, 
        1134, 1139, 1144, 1149, 1154, 1159, 1164, 1169, 1174, 1179, 
        1184, 1189, 1194, 1199, 1204, 1209, 1214, 1219, 1224, 1230, 
        1236, 1241, 1246, 1249, 1251--1254, 1256--1258, 1260--1274, 
        1276--1285, 1287--1287, 1289--1289, 1291--1298, 1300--1300, 
        1302--1302, 1304--1310, 1312--1313, 1315--1318, 1320--1324, 
        1326--1337, 1339--1341, 1343--1349, 1351--1353, 1355--1355, 
        1357--1359, 1361--1363, 1365--1365, 1367--1372, 1374--1378, 
        1392--1394, 1402--1405, 1407--1409, 1411--1419, 1421--1428, 
        1430, 1432--1433, 1435--1436, 1438--1442, 1444--1447, 
        1449--1450, 1452--1453, 1455--1456, 1458--1460, 1462--1465, 
        1467--1473, 1475--1477, 1479--1479, 1481--1482, 1484--1484, 
        1486--1487, 1489--1491, 1493--1494, 1496--1502, 1504--1510, 
        1512--1513, 1515--1521, 1523--1525, 1527, 1529, 1542--1543, 
        1546, 1548--1549, 1551--1564, 1566, 1572, 1580, 1582, 
        1584--1597, 1599, 1618, 1620, 1622--1630, 1632--1635, 
        1637--1648, 1650--1651, 1653--1653, 1655--1658, 1660--1661, 
        1663--1663, 1665--1665, 1667--1667, 1669--1674, 1676--1678, 
        1682, 1685, 1700, 1702--1702, 1704, 1706--1707, 1721--1724, 
        1726--1728, 1730--1736, 1738--1739, 1741--1746, 1755--1758, 
        1773, 1775--1777, 1779, 1781--1786, 1788, 1790, 1792, 
        1806--1807, 1809--1810, 1812--1813, 1815, 1840, 1842, 
        1844--1845, 1863, 1876--1877, 1879, 1881--1886, 1888, 
        1890--1891, 1893--1894, 1910--1911, 1913, 1915--1922, 
        1924--1927, 1929--1931, 1946--1947, 1949--1952, 1954--1957, 
        1971, 1973, 1975--1977, 1979--1991, 1993, 1995--1996, 
        1998--2004, 2006--2009, 2022, 2024--2028, 2030--2032, 
        2034--2042, 2044, 2046, 2062, 2076--2079, 2081--2085, 
        2087--2088, 2090, 2092--2094, 2096--2099, 2101, 2112--2113, 
        2123--2125, 2128--2134, 2266--2270, 2272--2274, 2293--2295, 
        2302--2304, 2306, 2312, 2317--2324, 2329--2329
   file "yyparse.cpp": 686 errors: lines 298, 324, 349--355, 365--373, 
        396--396, 606--609, 611--613, 620--620, 624--635, 637--638, 
        642--643, 652--653, 655--667, 678--681, 704--707, 710--718, 750, 
        805--808, 831, 837--838, 843--845, 861, 948--952, 954--962, 
        964--968, 1006, 1019--1021, 1025, 1037--1052, 1060, 1063--1082, 
        1118, 1122, 1127, 1131, 1136, 1140, 1145, 1149, 1154, 1158, 
        1163, 1167, 1172, 1176, 1181, 1185, 1190, 1194, 1199, 1203, 
        1208, 1212, 1217, 1221, 1226, 1230, 1235, 1239, 1244, 1248, 
        1253, 1257, 1262, 1266, 1271, 1275, 1280, 1284, 1289, 1293, 
        1298, 1302, 1307, 1311, 1316, 1320, 1325, 1329, 1334, 1338, 
        1343, 1347, 1352, 1356, 1361, 1365, 1370, 1374, 1379, 1383, 
        1388, 1392, 1397, 1401, 1406, 1410, 1415, 1419, 1424, 1428, 
        1433, 1437, 1442, 1446, 1451, 1455, 1460, 1464, 1469, 1473, 
        1478, 1482, 1487, 1491, 1496, 1500, 1505, 1509, 1514, 1518, 
        1523, 1527, 1532, 1536, 1541, 1545, 1550, 1554, 1559, 1563, 
        1568, 1572, 1577, 1581, 1586, 1590, 1595, 1599, 1602, 
        1744--1748, 1750--1757, 1759--1760, 1768, 1771, 1774--1780, 
        1782--1783, 1792--1792, 1795, 1847, 2200--2216, 2218--2228, 
        2238, 2241--2245, 2247--2251, 2283, 2289--2297, 2301, 
        2305--2305, 2348--2348, 2356--2356
checksource: line length > 72 characters
   file "parser.y": 4 errors: lines 28--31
   file "yylex.cpp": 48 errors: lines 37, 164, 170, 190, 215, 330, 333, 
        406, 441, 445, 448, 643, 761, 766, 800, 940, 946, 1283, 1314, 
        1407, 1438, 1515, 1517--1518, 1524--1525, 1532, 1545, 1548, 
        1563, 1575, 1581, 1596, 1628, 1691, 1763, 1866--1867, 1975, 
        1986, 2007, 2014, 2051, 2067, 2074, 2234, 2260, 2276
   file "yyparse.cpp": 33 errors: lines 6, 20, 116, 204, 234, 254, 269, 
        284--286, 306, 313, 333, 477, 479, 510, 730, 762, 907, 1011, 
        1731, 1813, 1911, 1939, 1946, 1953, 1960, 1967, 1974, 1981, 
        1988, 1995, 2299
   file "yyparse.h": 3 errors: lines 6, 20, 39
checksource: TOTAL COMPLAINTS: 2406
