flex --outfile=yylex.cpp scanner.l 2>yylex.output
grep -v '^  ' yylex.output
flex version 2.5.35 usage statistics:
bison --defines=yyparse.h --output=yyparse.cpp parser.y
parser.y:76.11-70: warning: unset value: $$
g++ -g -O0 -Wall -std=gnu++11 -c main.cpp
g++ -g -O0 -Wall -std=gnu++11 -c stringset.cpp
g++ -g -O0 -Wall -std=gnu++11 -c auxlib.cpp
g++ -g -O0 -Wall -std=gnu++11 -c astree.cpp
astree.cpp: In function ‘astree* adopt1(astree*, astree*)’:
astree.cpp:38:10: warning: unused variable ‘tok’ [-Wunused-variable]
    char* tok = (char*)get_yytname (child->symbol);
          ^
astree.cpp: In function ‘void assign_attr(astree*)’:
astree.cpp:102:39: warning: suggest parentheses around comparison in operand of ‘|’ [-Wparentheses]
    if(strcmp(tok,(char*)"TOK_DECLID") == 0 |
                                       ^
astree.cpp: In function ‘void make_symboltable(astree*, astree*)’:
astree.cpp:141:12: warning: unused variable ‘curr’ [-Wunused-variable]
    symbol* curr = new_symbol (c->filenr, c->linenr,
            ^
astree.cpp: In function ‘astree* find_sym(astree*, char*)’:
astree.cpp:243:1: warning: control reaches end of non-void function [-Wreturn-type]
 }
 ^
g++ -g -O0 -Wall -std=gnu++11 -c lyutils.cpp
g++ -g -O0 -Wall -std=gnu++11 -c yylex.cpp
g++ -g -O0 -Wall -std=gnu++11 -c yyparse.cpp
g++ -g -O0 -Wall -std=gnu++11 main.o stringset.o auxlib.o astree.o \
               lyutils.o yylex.o yyparse.o symboltable.cpp \
               symboltable.h -o oc
